17-Oct-2024 11:49:32.786 INFO [main] org.apache.catalina.startup.VersionLoggerListener.log Server version name:   Apache Tomcat/9.0.89
17-Oct-2024 11:49:32.790 INFO [main] org.apache.catalina.startup.VersionLoggerListener.log Server built:          May 3 2024 20:22:11 UTC
17-Oct-2024 11:49:32.790 INFO [main] org.apache.catalina.startup.VersionLoggerListener.log Server version number: 9.0.89.0
17-Oct-2024 11:49:32.790 INFO [main] org.apache.catalina.startup.VersionLoggerListener.log OS Name:               Windows 10
17-Oct-2024 11:49:32.790 INFO [main] org.apache.catalina.startup.VersionLoggerListener.log OS Version:            10.0
17-Oct-2024 11:49:32.790 INFO [main] org.apache.catalina.startup.VersionLoggerListener.log Architecture:          amd64
17-Oct-2024 11:49:32.790 INFO [main] org.apache.catalina.startup.VersionLoggerListener.log Java Home:             C:\Users\shivam.vishvakarma\.jdks\openjdk-22.0.1
17-Oct-2024 11:49:32.790 INFO [main] org.apache.catalina.startup.VersionLoggerListener.log JVM Version:           22.0.1+8-16
17-Oct-2024 11:49:32.791 INFO [main] org.apache.catalina.startup.VersionLoggerListener.log JVM Vendor:            Oracle Corporation
17-Oct-2024 11:49:32.791 INFO [main] org.apache.catalina.startup.VersionLoggerListener.log CATALINA_BASE:         C:\Users\shivam.vishvakarma\Online-FoodDelivery-App
17-Oct-2024 11:49:32.791 INFO [main] org.apache.catalina.startup.VersionLoggerListener.log CATALINA_HOME:         C:\apache-tomcat-9.0.89
17-Oct-2024 11:49:32.800 INFO [main] org.apache.catalina.startup.VersionLoggerListener.log Command line argument: --add-opens=java.base/java.lang=ALL-UNNAMED
17-Oct-2024 11:49:32.800 INFO [main] org.apache.catalina.startup.VersionLoggerListener.log Command line argument: --add-opens=java.base/java.io=ALL-UNNAMED
17-Oct-2024 11:49:32.800 INFO [main] org.apache.catalina.startup.VersionLoggerListener.log Command line argument: --add-opens=java.base/java.util=ALL-UNNAMED
17-Oct-2024 11:49:32.801 INFO [main] org.apache.catalina.startup.VersionLoggerListener.log Command line argument: --add-opens=java.base/java.util.concurrent=ALL-UNNAMED
17-Oct-2024 11:49:32.801 INFO [main] org.apache.catalina.startup.VersionLoggerListener.log Command line argument: --add-opens=java.rmi/sun.rmi.transport=ALL-UNNAMED
17-Oct-2024 11:49:32.801 INFO [main] org.apache.catalina.startup.VersionLoggerListener.log Command line argument: -Dcatalina.home=C:\apache-tomcat-9.0.89
17-Oct-2024 11:49:32.801 INFO [main] org.apache.catalina.startup.VersionLoggerListener.log Command line argument: -Dcatalina.base=C:\Users\shivam.vishvakarma\Online-FoodDelivery-App
17-Oct-2024 11:49:32.801 INFO [main] org.apache.catalina.startup.VersionLoggerListener.log Command line argument: -Djava.io.tmpdir=C:\Users\shivam.vishvakarma\Online-FoodDelivery-App\temp
17-Oct-2024 11:49:32.801 INFO [main] org.apache.catalina.startup.VersionLoggerListener.log Command line argument: -Djava.util.logging.config.file=C:\Users\shivam.vishvakarma\Online-FoodDelivery-App\conf\logging.properties
17-Oct-2024 11:49:32.801 INFO [main] org.apache.catalina.startup.VersionLoggerListener.log Command line argument: -Djava.util.logging.manager=org.apache.juli.ClassLoaderLogManager
17-Oct-2024 11:49:32.801 INFO [main] org.apache.catalina.startup.VersionLoggerListener.log Command line argument: -javaagent:D:\ideaIC-2024.1.4.win\lib\idea_rt.jar=55659:D:\ideaIC-2024.1.4.win\bin
17-Oct-2024 11:49:32.801 INFO [main] org.apache.catalina.startup.VersionLoggerListener.log Command line argument: -Dfile.encoding=UTF-8
17-Oct-2024 11:49:32.801 INFO [main] org.apache.catalina.startup.VersionLoggerListener.log Command line argument: -Dsun.stdout.encoding=UTF-8
17-Oct-2024 11:49:32.801 INFO [main] org.apache.catalina.startup.VersionLoggerListener.log Command line argument: -Dsun.stderr.encoding=UTF-8
17-Oct-2024 11:49:32.808 INFO [main] org.apache.catalina.core.AprLifecycleListener.lifecycleEvent The Apache Tomcat Native library which allows using OpenSSL was not found on the java.library.path: [C:\Users\shivam.vishvakarma\.jdks\openjdk-22.0.1\bin;C:\Windows\Sun\Java\bin;C:\Windows\system32;C:\Windows;C:\ProgramData\Oracle\Java\javapath;C:\Windows\system32;C:\Windows;C:\Windows\System32\Wbem;C:\Windows\System32\WindowsPowerShell\v1.0\;C:\Windows\System32\OpenSSH\;C:\Program Files\nodejs\;C:\Users\shivam.vishvakarma\AppData\Local\Programs\Python\Python312\Scripts\;C:\Users\shivam.vishvakarma\AppData\Local\Programs\Python\Python312\;C:\Users\shivam.vishvakarma\AppData\Local\Programs\Python\Launcher\;C:\Users\shivam.vishvakarma\AppData\Local\Microsoft\WindowsApps;C:\Program Files\Java\jdk1.8.0_121\bin;C:\Users\shivam.vishvakarma\AppData\Local\Programs\Microsoft VS Code\bin;C:\Users\shivam.vishvakarma\AppData\Local\Programs\Git\cmd;C:\Users\shivam.vishvakarma\AppData\Local\Microsoft\WinGet\Packages\Schniz.fnm_Microsoft.Winget.Source_8wekyb3d8bbwe;C:\Users\shivam.vishvakarma\AppData\Roaming\npm;C:\Users\shivam.vishvakarma\AppData\Local\Programs\Git\bin;C:\Users\shivam.vishvakarma\AppData\Local\Programs\Git\cmd;C:\Users\shivam.vishvakarma\AppData\Local\Programs\Git;;.]
17-Oct-2024 11:49:33.221 INFO [main] org.apache.coyote.AbstractProtocol.init Initializing ProtocolHandler ["http-nio-8080"]
17-Oct-2024 11:49:33.231 SEVERE [main] org.apache.catalina.util.LifecycleBase.handleSubClassException Failed to initialize component [Connector["http-nio-8080"]]
	org.apache.catalina.LifecycleException: Protocol handler initialization failed
		at org.apache.catalina.connector.Connector.initInternal(Connector.java:1012)
		at org.apache.catalina.util.LifecycleBase.init(LifecycleBase.java:127)
		at org.apache.catalina.core.StandardService.initInternal(StandardService.java:525)
		at org.apache.catalina.util.LifecycleBase.init(LifecycleBase.java:127)
		at org.apache.catalina.core.StandardServer.initInternal(StandardServer.java:990)
		at org.apache.catalina.util.LifecycleBase.init(LifecycleBase.java:127)
		at org.apache.catalina.startup.Catalina.load(Catalina.java:686)
		at org.apache.catalina.startup.Catalina.load(Catalina.java:709)
		at java.base/jdk.internal.reflect.DirectMethodHandleAccessor.invoke(DirectMethodHandleAccessor.java:103)
		at java.base/java.lang.reflect.Method.invoke(Method.java:580)
		at org.apache.catalina.startup.Bootstrap.load(Bootstrap.java:302)
		at org.apache.catalina.startup.Bootstrap.main(Bootstrap.java:472)
	Caused by: java.net.BindException: Address already in use: bind
		at java.base/sun.nio.ch.Net.bind0(Native Method)
		at java.base/sun.nio.ch.Net.bind(Net.java:565)
		at java.base/sun.nio.ch.ServerSocketChannelImpl.netBind(ServerSocketChannelImpl.java:344)
		at java.base/sun.nio.ch.ServerSocketChannelImpl.bind(ServerSocketChannelImpl.java:301)
		at org.apache.tomcat.util.net.NioEndpoint.initServerSocket(NioEndpoint.java:268)
		at org.apache.tomcat.util.net.NioEndpoint.bind(NioEndpoint.java:223)
		at org.apache.tomcat.util.net.AbstractEndpoint.bindWithCleanup(AbstractEndpoint.java:1355)
		at org.apache.tomcat.util.net.AbstractEndpoint.init(AbstractEndpoint.java:1368)
		at org.apache.coyote.AbstractProtocol.init(AbstractProtocol.java:654)
		at org.apache.coyote.http11.AbstractHttp11Protocol.init(AbstractHttp11Protocol.java:75)
		at org.apache.catalina.connector.Connector.initInternal(Connector.java:1010)
		... 11 more
17-Oct-2024 11:49:33.232 INFO [main] org.apache.catalina.startup.Catalina.load Server initialization in [711] milliseconds
17-Oct-2024 11:49:33.296 INFO [main] org.apache.catalina.core.StandardService.startInternal Starting service [Catalina]
17-Oct-2024 11:49:33.297 INFO [main] org.apache.catalina.core.StandardEngine.startInternal Starting Servlet engine: [Apache Tomcat/9.0.89]
17-Oct-2024 11:49:33.308 INFO [main] org.apache.catalina.startup.HostConfig.deployDescriptor Deploying deployment descriptor [C:\Users\shivam.vishvakarma\Online-FoodDelivery-App\conf\Catalina\localhost\Online-FoodDelivery-App.xml]
17-Oct-2024 11:49:33.818 INFO [main] org.apache.catalina.startup.HostConfig.deployDescriptor Deployment of deployment descriptor [C:\Users\shivam.vishvakarma\Online-FoodDelivery-App\conf\Catalina\localhost\Online-FoodDelivery-App.xml] has finished in [509] ms
17-Oct-2024 11:49:33.824 INFO [main] org.apache.catalina.startup.Catalina.start Server startup in [590] milliseconds
17-Oct-2024 11:49:33.837 SEVERE [main] org.apache.catalina.core.StandardServer.await Failed to create server shutdown socket on address [localhost] and port [8005] (base port [8005] and offset [0])
	java.net.BindException: Address already in use: bind
		at java.base/sun.nio.ch.Net.bind0(Native Method)
		at java.base/sun.nio.ch.Net.bind(Net.java:565)
		at java.base/sun.nio.ch.Net.bind(Net.java:554)
		at java.base/sun.nio.ch.NioSocketImpl.bind(NioSocketImpl.java:636)
		at java.base/java.net.ServerSocket.bind(ServerSocket.java:390)
		at java.base/java.net.ServerSocket.<init>(ServerSocket.java:277)
		at org.apache.catalina.core.StandardServer.await(StandardServer.java:541)
		at org.apache.catalina.startup.Catalina.await(Catalina.java:825)
		at org.apache.catalina.startup.Catalina.start(Catalina.java:773)
		at java.base/jdk.internal.reflect.DirectMethodHandleAccessor.invoke(DirectMethodHandleAccessor.java:103)
		at java.base/java.lang.reflect.Method.invoke(Method.java:580)
		at org.apache.catalina.startup.Bootstrap.start(Bootstrap.java:345)
		at org.apache.catalina.startup.Bootstrap.main(Bootstrap.java:473)
17-Oct-2024 11:49:33.837 INFO [main] org.apache.coyote.AbstractProtocol.pause Pausing ProtocolHandler ["http-nio-8080"]
17-Oct-2024 11:49:33.838 INFO [main] org.apache.catalina.core.StandardService.stopInternal Stopping service [Catalina]
17-Oct-2024 11:49:33.848 INFO [main] org.apache.coyote.AbstractProtocol.stop Stopping ProtocolHandler ["http-nio-8080"]
17-Oct-2024 11:49:33.849 INFO [main] org.apache.coyote.AbstractProtocol.destroy Destroying ProtocolHandler ["http-nio-8080"]
17-Oct-2024 11:50:18.557 INFO [main] org.apache.catalina.startup.VersionLoggerListener.log Server version name:   Apache Tomcat/9.0.89
17-Oct-2024 11:50:18.560 INFO [main] org.apache.catalina.startup.VersionLoggerListener.log Server built:          May 3 2024 20:22:11 UTC
17-Oct-2024 11:50:18.560 INFO [main] org.apache.catalina.startup.VersionLoggerListener.log Server version number: 9.0.89.0
17-Oct-2024 11:50:18.560 INFO [main] org.apache.catalina.startup.VersionLoggerListener.log OS Name:               Windows 10
17-Oct-2024 11:50:18.560 INFO [main] org.apache.catalina.startup.VersionLoggerListener.log OS Version:            10.0
17-Oct-2024 11:50:18.560 INFO [main] org.apache.catalina.startup.VersionLoggerListener.log Architecture:          amd64
17-Oct-2024 11:50:18.560 INFO [main] org.apache.catalina.startup.VersionLoggerListener.log Java Home:             C:\Users\shivam.vishvakarma\.jdks\openjdk-22.0.1
17-Oct-2024 11:50:18.560 INFO [main] org.apache.catalina.startup.VersionLoggerListener.log JVM Version:           22.0.1+8-16
17-Oct-2024 11:50:18.560 INFO [main] org.apache.catalina.startup.VersionLoggerListener.log JVM Vendor:            Oracle Corporation
17-Oct-2024 11:50:18.560 INFO [main] org.apache.catalina.startup.VersionLoggerListener.log CATALINA_BASE:         C:\Users\shivam.vishvakarma\Online-FoodDelivery-App
17-Oct-2024 11:50:18.561 INFO [main] org.apache.catalina.startup.VersionLoggerListener.log CATALINA_HOME:         C:\apache-tomcat-9.0.89
17-Oct-2024 11:50:18.571 INFO [main] org.apache.catalina.startup.VersionLoggerListener.log Command line argument: --add-opens=java.base/java.lang=ALL-UNNAMED
17-Oct-2024 11:50:18.571 INFO [main] org.apache.catalina.startup.VersionLoggerListener.log Command line argument: --add-opens=java.base/java.io=ALL-UNNAMED
17-Oct-2024 11:50:18.571 INFO [main] org.apache.catalina.startup.VersionLoggerListener.log Command line argument: --add-opens=java.base/java.util=ALL-UNNAMED
17-Oct-2024 11:50:18.571 INFO [main] org.apache.catalina.startup.VersionLoggerListener.log Command line argument: --add-opens=java.base/java.util.concurrent=ALL-UNNAMED
17-Oct-2024 11:50:18.571 INFO [main] org.apache.catalina.startup.VersionLoggerListener.log Command line argument: --add-opens=java.rmi/sun.rmi.transport=ALL-UNNAMED
17-Oct-2024 11:50:18.571 INFO [main] org.apache.catalina.startup.VersionLoggerListener.log Command line argument: -Dcatalina.home=C:\apache-tomcat-9.0.89
17-Oct-2024 11:50:18.572 INFO [main] org.apache.catalina.startup.VersionLoggerListener.log Command line argument: -Dcatalina.base=C:\Users\shivam.vishvakarma\Online-FoodDelivery-App
17-Oct-2024 11:50:18.572 INFO [main] org.apache.catalina.startup.VersionLoggerListener.log Command line argument: -Djava.io.tmpdir=C:\Users\shivam.vishvakarma\Online-FoodDelivery-App\temp
17-Oct-2024 11:50:18.572 INFO [main] org.apache.catalina.startup.VersionLoggerListener.log Command line argument: -Djava.util.logging.config.file=C:\Users\shivam.vishvakarma\Online-FoodDelivery-App\conf\logging.properties
17-Oct-2024 11:50:18.572 INFO [main] org.apache.catalina.startup.VersionLoggerListener.log Command line argument: -Djava.util.logging.manager=org.apache.juli.ClassLoaderLogManager
17-Oct-2024 11:50:18.572 INFO [main] org.apache.catalina.startup.VersionLoggerListener.log Command line argument: -javaagent:D:\ideaIC-2024.1.4.win\lib\idea_rt.jar=55669:D:\ideaIC-2024.1.4.win\bin
17-Oct-2024 11:50:18.572 INFO [main] org.apache.catalina.startup.VersionLoggerListener.log Command line argument: -Dfile.encoding=UTF-8
17-Oct-2024 11:50:18.572 INFO [main] org.apache.catalina.startup.VersionLoggerListener.log Command line argument: -Dsun.stdout.encoding=UTF-8
17-Oct-2024 11:50:18.573 INFO [main] org.apache.catalina.startup.VersionLoggerListener.log Command line argument: -Dsun.stderr.encoding=UTF-8
17-Oct-2024 11:50:18.579 INFO [main] org.apache.catalina.core.AprLifecycleListener.lifecycleEvent The Apache Tomcat Native library which allows using OpenSSL was not found on the java.library.path: [C:\Users\shivam.vishvakarma\.jdks\openjdk-22.0.1\bin;C:\Windows\Sun\Java\bin;C:\Windows\system32;C:\Windows;C:\ProgramData\Oracle\Java\javapath;C:\Windows\system32;C:\Windows;C:\Windows\System32\Wbem;C:\Windows\System32\WindowsPowerShell\v1.0\;C:\Windows\System32\OpenSSH\;C:\Program Files\nodejs\;C:\Users\shivam.vishvakarma\AppData\Local\Programs\Python\Python312\Scripts\;C:\Users\shivam.vishvakarma\AppData\Local\Programs\Python\Python312\;C:\Users\shivam.vishvakarma\AppData\Local\Programs\Python\Launcher\;C:\Users\shivam.vishvakarma\AppData\Local\Microsoft\WindowsApps;C:\Program Files\Java\jdk1.8.0_121\bin;C:\Users\shivam.vishvakarma\AppData\Local\Programs\Microsoft VS Code\bin;C:\Users\shivam.vishvakarma\AppData\Local\Programs\Git\cmd;C:\Users\shivam.vishvakarma\AppData\Local\Microsoft\WinGet\Packages\Schniz.fnm_Microsoft.Winget.Source_8wekyb3d8bbwe;C:\Users\shivam.vishvakarma\AppData\Roaming\npm;C:\Users\shivam.vishvakarma\AppData\Local\Programs\Git\bin;C:\Users\shivam.vishvakarma\AppData\Local\Programs\Git\cmd;C:\Users\shivam.vishvakarma\AppData\Local\Programs\Git;;.]
17-Oct-2024 11:50:19.099 INFO [main] org.apache.coyote.AbstractProtocol.init Initializing ProtocolHandler ["http-nio-8084"]
17-Oct-2024 11:50:19.119 INFO [main] org.apache.catalina.startup.Catalina.load Server initialization in [797] milliseconds
17-Oct-2024 11:50:19.176 INFO [main] org.apache.catalina.core.StandardService.startInternal Starting service [Catalina]
17-Oct-2024 11:50:19.177 INFO [main] org.apache.catalina.core.StandardEngine.startInternal Starting Servlet engine: [Apache Tomcat/9.0.89]
17-Oct-2024 11:50:19.189 INFO [main] org.apache.catalina.startup.HostConfig.deployDescriptor Deploying deployment descriptor [C:\Users\shivam.vishvakarma\Online-FoodDelivery-App\conf\Catalina\localhost\Online-FoodDelivery-App.xml]
17-Oct-2024 11:50:19.666 INFO [main] org.apache.catalina.startup.HostConfig.deployDescriptor Deployment of deployment descriptor [C:\Users\shivam.vishvakarma\Online-FoodDelivery-App\conf\Catalina\localhost\Online-FoodDelivery-App.xml] has finished in [476] ms
17-Oct-2024 11:50:19.673 INFO [main] org.apache.coyote.AbstractProtocol.start Starting ProtocolHandler ["http-nio-8084"]
17-Oct-2024 11:50:19.708 INFO [main] org.apache.catalina.startup.Catalina.start Server startup in [587] milliseconds
17-Oct-2024 11:50:35.042 INFO [Thread-1] org.apache.coyote.AbstractProtocol.pause Pausing ProtocolHandler ["http-nio-8084"]
17-Oct-2024 11:50:35.046 INFO [Thread-1] org.apache.catalina.core.StandardService.stopInternal Stopping service [Catalina]
17-Oct-2024 11:50:35.066 INFO [Thread-1] org.apache.coyote.AbstractProtocol.stop Stopping ProtocolHandler ["http-nio-8084"]
17-Oct-2024 11:50:35.076 INFO [Thread-1] org.apache.coyote.AbstractProtocol.destroy Destroying ProtocolHandler ["http-nio-8084"]
17-Oct-2024 11:51:50.173 INFO [main] org.apache.catalina.startup.VersionLoggerListener.log Server version name:   Apache Tomcat/9.0.89
17-Oct-2024 11:51:50.176 INFO [main] org.apache.catalina.startup.VersionLoggerListener.log Server built:          May 3 2024 20:22:11 UTC
17-Oct-2024 11:51:50.176 INFO [main] org.apache.catalina.startup.VersionLoggerListener.log Server version number: 9.0.89.0
17-Oct-2024 11:51:50.177 INFO [main] org.apache.catalina.startup.VersionLoggerListener.log OS Name:               Windows 10
17-Oct-2024 11:51:50.177 INFO [main] org.apache.catalina.startup.VersionLoggerListener.log OS Version:            10.0
17-Oct-2024 11:51:50.177 INFO [main] org.apache.catalina.startup.VersionLoggerListener.log Architecture:          amd64
17-Oct-2024 11:51:50.177 INFO [main] org.apache.catalina.startup.VersionLoggerListener.log Java Home:             C:\Users\shivam.vishvakarma\.jdks\openjdk-22.0.1
17-Oct-2024 11:51:50.177 INFO [main] org.apache.catalina.startup.VersionLoggerListener.log JVM Version:           22.0.1+8-16
17-Oct-2024 11:51:50.177 INFO [main] org.apache.catalina.startup.VersionLoggerListener.log JVM Vendor:            Oracle Corporation
17-Oct-2024 11:51:50.177 INFO [main] org.apache.catalina.startup.VersionLoggerListener.log CATALINA_BASE:         C:\Users\shivam.vishvakarma\Online-FoodDelivery-App
17-Oct-2024 11:51:50.177 INFO [main] org.apache.catalina.startup.VersionLoggerListener.log CATALINA_HOME:         C:\apache-tomcat-9.0.89
17-Oct-2024 11:51:50.187 INFO [main] org.apache.catalina.startup.VersionLoggerListener.log Command line argument: --add-opens=java.base/java.lang=ALL-UNNAMED
17-Oct-2024 11:51:50.187 INFO [main] org.apache.catalina.startup.VersionLoggerListener.log Command line argument: --add-opens=java.base/java.io=ALL-UNNAMED
17-Oct-2024 11:51:50.187 INFO [main] org.apache.catalina.startup.VersionLoggerListener.log Command line argument: --add-opens=java.base/java.util=ALL-UNNAMED
17-Oct-2024 11:51:50.187 INFO [main] org.apache.catalina.startup.VersionLoggerListener.log Command line argument: --add-opens=java.base/java.util.concurrent=ALL-UNNAMED
17-Oct-2024 11:51:50.187 INFO [main] org.apache.catalina.startup.VersionLoggerListener.log Command line argument: --add-opens=java.rmi/sun.rmi.transport=ALL-UNNAMED
17-Oct-2024 11:51:50.187 INFO [main] org.apache.catalina.startup.VersionLoggerListener.log Command line argument: -Dcatalina.home=C:\apache-tomcat-9.0.89
17-Oct-2024 11:51:50.187 INFO [main] org.apache.catalina.startup.VersionLoggerListener.log Command line argument: -Dcatalina.base=C:\Users\shivam.vishvakarma\Online-FoodDelivery-App
17-Oct-2024 11:51:50.187 INFO [main] org.apache.catalina.startup.VersionLoggerListener.log Command line argument: -Djava.io.tmpdir=C:\Users\shivam.vishvakarma\Online-FoodDelivery-App\temp
17-Oct-2024 11:51:50.187 INFO [main] org.apache.catalina.startup.VersionLoggerListener.log Command line argument: -Djava.util.logging.config.file=C:\Users\shivam.vishvakarma\Online-FoodDelivery-App\conf\logging.properties
17-Oct-2024 11:51:50.187 INFO [main] org.apache.catalina.startup.VersionLoggerListener.log Command line argument: -Djava.util.logging.manager=org.apache.juli.ClassLoaderLogManager
17-Oct-2024 11:51:50.187 INFO [main] org.apache.catalina.startup.VersionLoggerListener.log Command line argument: -javaagent:D:\ideaIC-2024.1.4.win\lib\idea_rt.jar=55718:D:\ideaIC-2024.1.4.win\bin
17-Oct-2024 11:51:50.187 INFO [main] org.apache.catalina.startup.VersionLoggerListener.log Command line argument: -Dfile.encoding=UTF-8
17-Oct-2024 11:51:50.187 INFO [main] org.apache.catalina.startup.VersionLoggerListener.log Command line argument: -Dsun.stdout.encoding=UTF-8
17-Oct-2024 11:51:50.187 INFO [main] org.apache.catalina.startup.VersionLoggerListener.log Command line argument: -Dsun.stderr.encoding=UTF-8
17-Oct-2024 11:51:50.194 INFO [main] org.apache.catalina.core.AprLifecycleListener.lifecycleEvent The Apache Tomcat Native library which allows using OpenSSL was not found on the java.library.path: [C:\Users\shivam.vishvakarma\.jdks\openjdk-22.0.1\bin;C:\Windows\Sun\Java\bin;C:\Windows\system32;C:\Windows;C:\ProgramData\Oracle\Java\javapath;C:\Windows\system32;C:\Windows;C:\Windows\System32\Wbem;C:\Windows\System32\WindowsPowerShell\v1.0\;C:\Windows\System32\OpenSSH\;C:\Program Files\nodejs\;C:\Users\shivam.vishvakarma\AppData\Local\Programs\Python\Python312\Scripts\;C:\Users\shivam.vishvakarma\AppData\Local\Programs\Python\Python312\;C:\Users\shivam.vishvakarma\AppData\Local\Programs\Python\Launcher\;C:\Users\shivam.vishvakarma\AppData\Local\Microsoft\WindowsApps;C:\Program Files\Java\jdk1.8.0_121\bin;C:\Users\shivam.vishvakarma\AppData\Local\Programs\Microsoft VS Code\bin;C:\Users\shivam.vishvakarma\AppData\Local\Programs\Git\cmd;C:\Users\shivam.vishvakarma\AppData\Local\Microsoft\WinGet\Packages\Schniz.fnm_Microsoft.Winget.Source_8wekyb3d8bbwe;C:\Users\shivam.vishvakarma\AppData\Roaming\npm;C:\Users\shivam.vishvakarma\AppData\Local\Programs\Git\bin;C:\Users\shivam.vishvakarma\AppData\Local\Programs\Git\cmd;C:\Users\shivam.vishvakarma\AppData\Local\Programs\Git;;.]
17-Oct-2024 11:51:50.656 INFO [main] org.apache.coyote.AbstractProtocol.init Initializing ProtocolHandler ["http-nio-8080"]
17-Oct-2024 11:51:50.673 INFO [main] org.apache.catalina.startup.Catalina.load Server initialization in [759] milliseconds
17-Oct-2024 11:51:50.721 INFO [main] org.apache.catalina.core.StandardService.startInternal Starting service [Catalina]
17-Oct-2024 11:51:50.722 INFO [main] org.apache.catalina.core.StandardEngine.startInternal Starting Servlet engine: [Apache Tomcat/9.0.89]
17-Oct-2024 11:51:50.729 INFO [main] org.apache.catalina.startup.HostConfig.deployDescriptor Deploying deployment descriptor [C:\Users\shivam.vishvakarma\Online-FoodDelivery-App\conf\Catalina\localhost\Online-FoodDelivery-App.xml]
17-Oct-2024 11:51:51.091 INFO [main] org.apache.catalina.startup.HostConfig.deployDescriptor Deployment of deployment descriptor [C:\Users\shivam.vishvakarma\Online-FoodDelivery-App\conf\Catalina\localhost\Online-FoodDelivery-App.xml] has finished in [359] ms
17-Oct-2024 11:51:51.094 INFO [main] org.apache.coyote.AbstractProtocol.start Starting ProtocolHandler ["http-nio-8080"]
17-Oct-2024 11:51:51.124 INFO [main] org.apache.catalina.startup.Catalina.start Server startup in [450] milliseconds
17-Oct-2024 11:53:06.601 INFO [main] org.apache.catalina.startup.VersionLoggerListener.log Server version name:   Apache Tomcat/9.0.89
17-Oct-2024 11:53:06.605 INFO [main] org.apache.catalina.startup.VersionLoggerListener.log Server built:          May 3 2024 20:22:11 UTC
17-Oct-2024 11:53:06.605 INFO [main] org.apache.catalina.startup.VersionLoggerListener.log Server version number: 9.0.89.0
17-Oct-2024 11:53:06.605 INFO [main] org.apache.catalina.startup.VersionLoggerListener.log OS Name:               Windows 10
17-Oct-2024 11:53:06.605 INFO [main] org.apache.catalina.startup.VersionLoggerListener.log OS Version:            10.0
17-Oct-2024 11:53:06.606 INFO [main] org.apache.catalina.startup.VersionLoggerListener.log Architecture:          amd64
17-Oct-2024 11:53:06.606 INFO [main] org.apache.catalina.startup.VersionLoggerListener.log Java Home:             C:\Users\shivam.vishvakarma\.jdks\openjdk-22.0.1
17-Oct-2024 11:53:06.606 INFO [main] org.apache.catalina.startup.VersionLoggerListener.log JVM Version:           22.0.1+8-16
17-Oct-2024 11:53:06.606 INFO [main] org.apache.catalina.startup.VersionLoggerListener.log JVM Vendor:            Oracle Corporation
17-Oct-2024 11:53:06.606 INFO [main] org.apache.catalina.startup.VersionLoggerListener.log CATALINA_BASE:         C:\Users\shivam.vishvakarma\Online-FoodDelivery-App
17-Oct-2024 11:53:06.607 INFO [main] org.apache.catalina.startup.VersionLoggerListener.log CATALINA_HOME:         C:\apache-tomcat-9.0.89
17-Oct-2024 11:53:06.618 INFO [main] org.apache.catalina.startup.VersionLoggerListener.log Command line argument: --add-opens=java.base/java.lang=ALL-UNNAMED
17-Oct-2024 11:53:06.618 INFO [main] org.apache.catalina.startup.VersionLoggerListener.log Command line argument: --add-opens=java.base/java.io=ALL-UNNAMED
17-Oct-2024 11:53:06.618 INFO [main] org.apache.catalina.startup.VersionLoggerListener.log Command line argument: --add-opens=java.base/java.util=ALL-UNNAMED
17-Oct-2024 11:53:06.618 INFO [main] org.apache.catalina.startup.VersionLoggerListener.log Command line argument: --add-opens=java.base/java.util.concurrent=ALL-UNNAMED
17-Oct-2024 11:53:06.618 INFO [main] org.apache.catalina.startup.VersionLoggerListener.log Command line argument: --add-opens=java.rmi/sun.rmi.transport=ALL-UNNAMED
17-Oct-2024 11:53:06.618 INFO [main] org.apache.catalina.startup.VersionLoggerListener.log Command line argument: -Dcatalina.home=C:\apache-tomcat-9.0.89
17-Oct-2024 11:53:06.619 INFO [main] org.apache.catalina.startup.VersionLoggerListener.log Command line argument: -Dcatalina.base=C:\Users\shivam.vishvakarma\Online-FoodDelivery-App
17-Oct-2024 11:53:06.619 INFO [main] org.apache.catalina.startup.VersionLoggerListener.log Command line argument: -Djava.io.tmpdir=C:\Users\shivam.vishvakarma\Online-FoodDelivery-App\temp
17-Oct-2024 11:53:06.619 INFO [main] org.apache.catalina.startup.VersionLoggerListener.log Command line argument: -Djava.util.logging.config.file=C:\Users\shivam.vishvakarma\Online-FoodDelivery-App\conf\logging.properties
17-Oct-2024 11:53:06.619 INFO [main] org.apache.catalina.startup.VersionLoggerListener.log Command line argument: -Djava.util.logging.manager=org.apache.juli.ClassLoaderLogManager
17-Oct-2024 11:53:06.619 INFO [main] org.apache.catalina.startup.VersionLoggerListener.log Command line argument: -javaagent:D:\ideaIC-2024.1.4.win\lib\idea_rt.jar=55764:D:\ideaIC-2024.1.4.win\bin
17-Oct-2024 11:53:06.619 INFO [main] org.apache.catalina.startup.VersionLoggerListener.log Command line argument: -Dfile.encoding=UTF-8
17-Oct-2024 11:53:06.619 INFO [main] org.apache.catalina.startup.VersionLoggerListener.log Command line argument: -Dsun.stdout.encoding=UTF-8
17-Oct-2024 11:53:06.619 INFO [main] org.apache.catalina.startup.VersionLoggerListener.log Command line argument: -Dsun.stderr.encoding=UTF-8
17-Oct-2024 11:53:06.628 INFO [main] org.apache.catalina.core.AprLifecycleListener.lifecycleEvent The Apache Tomcat Native library which allows using OpenSSL was not found on the java.library.path: [C:\Users\shivam.vishvakarma\.jdks\openjdk-22.0.1\bin;C:\Windows\Sun\Java\bin;C:\Windows\system32;C:\Windows;C:\ProgramData\Oracle\Java\javapath;C:\Windows\system32;C:\Windows;C:\Windows\System32\Wbem;C:\Windows\System32\WindowsPowerShell\v1.0\;C:\Windows\System32\OpenSSH\;C:\Program Files\nodejs\;C:\Users\shivam.vishvakarma\AppData\Local\Programs\Python\Python312\Scripts\;C:\Users\shivam.vishvakarma\AppData\Local\Programs\Python\Python312\;C:\Users\shivam.vishvakarma\AppData\Local\Programs\Python\Launcher\;C:\Users\shivam.vishvakarma\AppData\Local\Microsoft\WindowsApps;C:\Program Files\Java\jdk1.8.0_121\bin;C:\Users\shivam.vishvakarma\AppData\Local\Programs\Microsoft VS Code\bin;C:\Users\shivam.vishvakarma\AppData\Local\Programs\Git\cmd;C:\Users\shivam.vishvakarma\AppData\Local\Microsoft\WinGet\Packages\Schniz.fnm_Microsoft.Winget.Source_8wekyb3d8bbwe;C:\Users\shivam.vishvakarma\AppData\Roaming\npm;C:\Users\shivam.vishvakarma\AppData\Local\Programs\Git\bin;C:\Users\shivam.vishvakarma\AppData\Local\Programs\Git\cmd;C:\Users\shivam.vishvakarma\AppData\Local\Programs\Git;;.]
17-Oct-2024 11:53:07.157 INFO [main] org.apache.coyote.AbstractProtocol.init Initializing ProtocolHandler ["http-nio-8082"]
17-Oct-2024 11:53:07.179 INFO [main] org.apache.catalina.startup.Catalina.load Server initialization in [812] milliseconds
17-Oct-2024 11:53:07.230 INFO [main] org.apache.catalina.core.StandardService.startInternal Starting service [Catalina]
17-Oct-2024 11:53:07.230 INFO [main] org.apache.catalina.core.StandardEngine.startInternal Starting Servlet engine: [Apache Tomcat/9.0.89]
17-Oct-2024 11:53:07.240 INFO [main] org.apache.catalina.startup.HostConfig.deployDescriptor Deploying deployment descriptor [C:\Users\shivam.vishvakarma\Online-FoodDelivery-App\conf\Catalina\localhost\Online-FoodDelivery-App.xml]
17-Oct-2024 11:53:07.622 INFO [main] org.apache.catalina.startup.HostConfig.deployDescriptor Deployment of deployment descriptor [C:\Users\shivam.vishvakarma\Online-FoodDelivery-App\conf\Catalina\localhost\Online-FoodDelivery-App.xml] has finished in [381] ms
17-Oct-2024 11:53:07.625 INFO [main] org.apache.coyote.AbstractProtocol.start Starting ProtocolHandler ["http-nio-8082"]
17-Oct-2024 11:53:07.652 INFO [main] org.apache.catalina.startup.Catalina.start Server startup in [472] milliseconds
17-Oct-2024 11:53:07.663 SEVERE [main] org.apache.catalina.core.StandardServer.await Failed to create server shutdown socket on address [localhost] and port [8005] (base port [8005] and offset [0])
	java.net.BindException: Address already in use: bind
		at java.base/sun.nio.ch.Net.bind0(Native Method)
		at java.base/sun.nio.ch.Net.bind(Net.java:565)
		at java.base/sun.nio.ch.Net.bind(Net.java:554)
		at java.base/sun.nio.ch.NioSocketImpl.bind(NioSocketImpl.java:636)
		at java.base/java.net.ServerSocket.bind(ServerSocket.java:390)
		at java.base/java.net.ServerSocket.<init>(ServerSocket.java:277)
		at org.apache.catalina.core.StandardServer.await(StandardServer.java:541)
		at org.apache.catalina.startup.Catalina.await(Catalina.java:825)
		at org.apache.catalina.startup.Catalina.start(Catalina.java:773)
		at java.base/jdk.internal.reflect.DirectMethodHandleAccessor.invoke(DirectMethodHandleAccessor.java:103)
		at java.base/java.lang.reflect.Method.invoke(Method.java:580)
		at org.apache.catalina.startup.Bootstrap.start(Bootstrap.java:345)
		at org.apache.catalina.startup.Bootstrap.main(Bootstrap.java:473)
17-Oct-2024 11:53:07.664 INFO [main] org.apache.coyote.AbstractProtocol.pause Pausing ProtocolHandler ["http-nio-8082"]
17-Oct-2024 11:53:07.666 INFO [main] org.apache.catalina.core.StandardService.stopInternal Stopping service [Catalina]
17-Oct-2024 11:53:07.680 INFO [main] org.apache.coyote.AbstractProtocol.stop Stopping ProtocolHandler ["http-nio-8082"]
17-Oct-2024 11:53:07.700 INFO [main] org.apache.coyote.AbstractProtocol.destroy Destroying ProtocolHandler ["http-nio-8082"]
17-Oct-2024 11:53:11.190 INFO [Catalina-utility-2] org.apache.catalina.startup.HostConfig.undeploy Undeploying context [/Online-FoodDelivery-App]
17-Oct-2024 11:53:11.235 INFO [Catalina-utility-2] org.apache.catalina.startup.HostConfig.deployDescriptor Deploying deployment descriptor [C:\Users\shivam.vishvakarma\Online-FoodDelivery-App\conf\Catalina\localhost\Online-FoodDelivery-App.xml]
17-Oct-2024 11:53:11.319 INFO [Catalina-utility-2] org.apache.catalina.startup.HostConfig.deployDescriptor Deployment of deployment descriptor [C:\Users\shivam.vishvakarma\Online-FoodDelivery-App\conf\Catalina\localhost\Online-FoodDelivery-App.xml] has finished in [81] ms
17-Oct-2024 11:53:47.924 INFO [main] org.apache.catalina.startup.VersionLoggerListener.log Server version name:   Apache Tomcat/9.0.89
17-Oct-2024 11:53:47.929 INFO [main] org.apache.catalina.startup.VersionLoggerListener.log Server built:          May 3 2024 20:22:11 UTC
17-Oct-2024 11:53:47.930 INFO [main] org.apache.catalina.startup.VersionLoggerListener.log Server version number: 9.0.89.0
17-Oct-2024 11:53:47.930 INFO [main] org.apache.catalina.startup.VersionLoggerListener.log OS Name:               Windows 10
17-Oct-2024 11:53:47.930 INFO [main] org.apache.catalina.startup.VersionLoggerListener.log OS Version:            10.0
17-Oct-2024 11:53:47.930 INFO [main] org.apache.catalina.startup.VersionLoggerListener.log Architecture:          amd64
17-Oct-2024 11:53:47.930 INFO [main] org.apache.catalina.startup.VersionLoggerListener.log Java Home:             C:\Users\shivam.vishvakarma\.jdks\openjdk-22.0.1
17-Oct-2024 11:53:47.930 INFO [main] org.apache.catalina.startup.VersionLoggerListener.log JVM Version:           22.0.1+8-16
17-Oct-2024 11:53:47.931 INFO [main] org.apache.catalina.startup.VersionLoggerListener.log JVM Vendor:            Oracle Corporation
17-Oct-2024 11:53:47.931 INFO [main] org.apache.catalina.startup.VersionLoggerListener.log CATALINA_BASE:         C:\Users\shivam.vishvakarma\Online-FoodDelivery-App
17-Oct-2024 11:53:47.931 INFO [main] org.apache.catalina.startup.VersionLoggerListener.log CATALINA_HOME:         C:\apache-tomcat-9.0.89
17-Oct-2024 11:53:47.944 INFO [main] org.apache.catalina.startup.VersionLoggerListener.log Command line argument: --add-opens=java.base/java.lang=ALL-UNNAMED
17-Oct-2024 11:53:47.944 INFO [main] org.apache.catalina.startup.VersionLoggerListener.log Command line argument: --add-opens=java.base/java.io=ALL-UNNAMED
17-Oct-2024 11:53:47.944 INFO [main] org.apache.catalina.startup.VersionLoggerListener.log Command line argument: --add-opens=java.base/java.util=ALL-UNNAMED
17-Oct-2024 11:53:47.944 INFO [main] org.apache.catalina.startup.VersionLoggerListener.log Command line argument: --add-opens=java.base/java.util.concurrent=ALL-UNNAMED
17-Oct-2024 11:53:47.944 INFO [main] org.apache.catalina.startup.VersionLoggerListener.log Command line argument: --add-opens=java.rmi/sun.rmi.transport=ALL-UNNAMED
17-Oct-2024 11:53:47.944 INFO [main] org.apache.catalina.startup.VersionLoggerListener.log Command line argument: -Dcatalina.home=C:\apache-tomcat-9.0.89
17-Oct-2024 11:53:47.944 INFO [main] org.apache.catalina.startup.VersionLoggerListener.log Command line argument: -Dcatalina.base=C:\Users\shivam.vishvakarma\Online-FoodDelivery-App
17-Oct-2024 11:53:47.944 INFO [main] org.apache.catalina.startup.VersionLoggerListener.log Command line argument: -Djava.io.tmpdir=C:\Users\shivam.vishvakarma\Online-FoodDelivery-App\temp
17-Oct-2024 11:53:47.944 INFO [main] org.apache.catalina.startup.VersionLoggerListener.log Command line argument: -Djava.util.logging.config.file=C:\Users\shivam.vishvakarma\Online-FoodDelivery-App\conf\logging.properties
17-Oct-2024 11:53:47.944 INFO [main] org.apache.catalina.startup.VersionLoggerListener.log Command line argument: -Djava.util.logging.manager=org.apache.juli.ClassLoaderLogManager
17-Oct-2024 11:53:47.944 INFO [main] org.apache.catalina.startup.VersionLoggerListener.log Command line argument: -javaagent:D:\ideaIC-2024.1.4.win\lib\idea_rt.jar=55770:D:\ideaIC-2024.1.4.win\bin
17-Oct-2024 11:53:47.944 INFO [main] org.apache.catalina.startup.VersionLoggerListener.log Command line argument: -Dfile.encoding=UTF-8
17-Oct-2024 11:53:47.944 INFO [main] org.apache.catalina.startup.VersionLoggerListener.log Command line argument: -Dsun.stdout.encoding=UTF-8
17-Oct-2024 11:53:47.944 INFO [main] org.apache.catalina.startup.VersionLoggerListener.log Command line argument: -Dsun.stderr.encoding=UTF-8
17-Oct-2024 11:53:47.953 INFO [main] org.apache.catalina.core.AprLifecycleListener.lifecycleEvent The Apache Tomcat Native library which allows using OpenSSL was not found on the java.library.path: [C:\Users\shivam.vishvakarma\.jdks\openjdk-22.0.1\bin;C:\Windows\Sun\Java\bin;C:\Windows\system32;C:\Windows;C:\ProgramData\Oracle\Java\javapath;C:\Windows\system32;C:\Windows;C:\Windows\System32\Wbem;C:\Windows\System32\WindowsPowerShell\v1.0\;C:\Windows\System32\OpenSSH\;C:\Program Files\nodejs\;C:\Users\shivam.vishvakarma\AppData\Local\Programs\Python\Python312\Scripts\;C:\Users\shivam.vishvakarma\AppData\Local\Programs\Python\Python312\;C:\Users\shivam.vishvakarma\AppData\Local\Programs\Python\Launcher\;C:\Users\shivam.vishvakarma\AppData\Local\Microsoft\WindowsApps;C:\Program Files\Java\jdk1.8.0_121\bin;C:\Users\shivam.vishvakarma\AppData\Local\Programs\Microsoft VS Code\bin;C:\Users\shivam.vishvakarma\AppData\Local\Programs\Git\cmd;C:\Users\shivam.vishvakarma\AppData\Local\Microsoft\WinGet\Packages\Schniz.fnm_Microsoft.Winget.Source_8wekyb3d8bbwe;C:\Users\shivam.vishvakarma\AppData\Roaming\npm;C:\Users\shivam.vishvakarma\AppData\Local\Programs\Git\bin;C:\Users\shivam.vishvakarma\AppData\Local\Programs\Git\cmd;C:\Users\shivam.vishvakarma\AppData\Local\Programs\Git;;.]
17-Oct-2024 11:53:48.436 INFO [main] org.apache.coyote.AbstractProtocol.init Initializing ProtocolHandler ["http-nio-8082"]
17-Oct-2024 11:53:48.457 INFO [main] org.apache.catalina.startup.Catalina.load Server initialization in [858] milliseconds
17-Oct-2024 11:53:48.522 INFO [main] org.apache.catalina.core.StandardService.startInternal Starting service [Catalina]
17-Oct-2024 11:53:48.522 INFO [main] org.apache.catalina.core.StandardEngine.startInternal Starting Servlet engine: [Apache Tomcat/9.0.89]
17-Oct-2024 11:53:48.531 INFO [main] org.apache.catalina.startup.HostConfig.deployDescriptor Deploying deployment descriptor [C:\Users\shivam.vishvakarma\Online-FoodDelivery-App\conf\Catalina\localhost\Online-FoodDelivery-App.xml]
17-Oct-2024 11:53:48.968 INFO [main] org.apache.catalina.startup.HostConfig.deployDescriptor Deployment of deployment descriptor [C:\Users\shivam.vishvakarma\Online-FoodDelivery-App\conf\Catalina\localhost\Online-FoodDelivery-App.xml] has finished in [435] ms
17-Oct-2024 11:53:48.973 INFO [main] org.apache.coyote.AbstractProtocol.start Starting ProtocolHandler ["http-nio-8082"]
17-Oct-2024 11:53:49.020 INFO [main] org.apache.catalina.startup.Catalina.start Server startup in [561] milliseconds
17-Oct-2024 11:53:49.035 SEVERE [main] org.apache.catalina.core.StandardServer.await Failed to create server shutdown socket on address [localhost] and port [8005] (base port [8005] and offset [0])
	java.net.BindException: Address already in use: bind
		at java.base/sun.nio.ch.Net.bind0(Native Method)
		at java.base/sun.nio.ch.Net.bind(Net.java:565)
		at java.base/sun.nio.ch.Net.bind(Net.java:554)
		at java.base/sun.nio.ch.NioSocketImpl.bind(NioSocketImpl.java:636)
		at java.base/java.net.ServerSocket.bind(ServerSocket.java:390)
		at java.base/java.net.ServerSocket.<init>(ServerSocket.java:277)
		at org.apache.catalina.core.StandardServer.await(StandardServer.java:541)
		at org.apache.catalina.startup.Catalina.await(Catalina.java:825)
		at org.apache.catalina.startup.Catalina.start(Catalina.java:773)
		at java.base/jdk.internal.reflect.DirectMethodHandleAccessor.invoke(DirectMethodHandleAccessor.java:103)
		at java.base/java.lang.reflect.Method.invoke(Method.java:580)
		at org.apache.catalina.startup.Bootstrap.start(Bootstrap.java:345)
		at org.apache.catalina.startup.Bootstrap.main(Bootstrap.java:473)
17-Oct-2024 11:53:49.036 INFO [main] org.apache.coyote.AbstractProtocol.pause Pausing ProtocolHandler ["http-nio-8082"]
17-Oct-2024 11:53:49.040 INFO [main] org.apache.catalina.core.StandardService.stopInternal Stopping service [Catalina]
17-Oct-2024 11:53:49.073 INFO [main] org.apache.coyote.AbstractProtocol.stop Stopping ProtocolHandler ["http-nio-8082"]
17-Oct-2024 11:53:49.088 INFO [main] org.apache.coyote.AbstractProtocol.destroy Destroying ProtocolHandler ["http-nio-8082"]
17-Oct-2024 11:53:51.366 INFO [Catalina-utility-1] org.apache.catalina.startup.HostConfig.undeploy Undeploying context [/Online-FoodDelivery-App]
17-Oct-2024 11:53:51.379 INFO [Catalina-utility-1] org.apache.catalina.startup.HostConfig.deployDescriptor Deploying deployment descriptor [C:\Users\shivam.vishvakarma\Online-FoodDelivery-App\conf\Catalina\localhost\Online-FoodDelivery-App.xml]
17-Oct-2024 11:53:51.463 INFO [Catalina-utility-1] org.apache.catalina.startup.HostConfig.deployDescriptor Deployment of deployment descriptor [C:\Users\shivam.vishvakarma\Online-FoodDelivery-App\conf\Catalina\localhost\Online-FoodDelivery-App.xml] has finished in [83] ms
17-Oct-2024 11:53:51.834 INFO [Thread-1] org.apache.coyote.AbstractProtocol.pause Pausing ProtocolHandler ["http-nio-8080"]
17-Oct-2024 11:53:51.840 INFO [Thread-1] org.apache.catalina.core.StandardService.stopInternal Stopping service [Catalina]
17-Oct-2024 11:53:51.847 INFO [Thread-1] org.apache.coyote.AbstractProtocol.stop Stopping ProtocolHandler ["http-nio-8080"]
17-Oct-2024 11:53:51.854 INFO [Thread-1] org.apache.coyote.AbstractProtocol.destroy Destroying ProtocolHandler ["http-nio-8080"]
17-Oct-2024 11:54:20.954 INFO [main] org.apache.catalina.startup.VersionLoggerListener.log Server version name:   Apache Tomcat/9.0.89
17-Oct-2024 11:54:20.957 INFO [main] org.apache.catalina.startup.VersionLoggerListener.log Server built:          May 3 2024 20:22:11 UTC
17-Oct-2024 11:54:20.957 INFO [main] org.apache.catalina.startup.VersionLoggerListener.log Server version number: 9.0.89.0
17-Oct-2024 11:54:20.957 INFO [main] org.apache.catalina.startup.VersionLoggerListener.log OS Name:               Windows 10
17-Oct-2024 11:54:20.957 INFO [main] org.apache.catalina.startup.VersionLoggerListener.log OS Version:            10.0
17-Oct-2024 11:54:20.957 INFO [main] org.apache.catalina.startup.VersionLoggerListener.log Architecture:          amd64
17-Oct-2024 11:54:20.957 INFO [main] org.apache.catalina.startup.VersionLoggerListener.log Java Home:             C:\Users\shivam.vishvakarma\.jdks\openjdk-22.0.1
17-Oct-2024 11:54:20.957 INFO [main] org.apache.catalina.startup.VersionLoggerListener.log JVM Version:           22.0.1+8-16
17-Oct-2024 11:54:20.957 INFO [main] org.apache.catalina.startup.VersionLoggerListener.log JVM Vendor:            Oracle Corporation
17-Oct-2024 11:54:20.957 INFO [main] org.apache.catalina.startup.VersionLoggerListener.log CATALINA_BASE:         C:\Users\shivam.vishvakarma\Online-FoodDelivery-App
17-Oct-2024 11:54:20.958 INFO [main] org.apache.catalina.startup.VersionLoggerListener.log CATALINA_HOME:         C:\apache-tomcat-9.0.89
17-Oct-2024 11:54:20.967 INFO [main] org.apache.catalina.startup.VersionLoggerListener.log Command line argument: --add-opens=java.base/java.lang=ALL-UNNAMED
17-Oct-2024 11:54:20.967 INFO [main] org.apache.catalina.startup.VersionLoggerListener.log Command line argument: --add-opens=java.base/java.io=ALL-UNNAMED
17-Oct-2024 11:54:20.967 INFO [main] org.apache.catalina.startup.VersionLoggerListener.log Command line argument: --add-opens=java.base/java.util=ALL-UNNAMED
17-Oct-2024 11:54:20.967 INFO [main] org.apache.catalina.startup.VersionLoggerListener.log Command line argument: --add-opens=java.base/java.util.concurrent=ALL-UNNAMED
17-Oct-2024 11:54:20.967 INFO [main] org.apache.catalina.startup.VersionLoggerListener.log Command line argument: --add-opens=java.rmi/sun.rmi.transport=ALL-UNNAMED
17-Oct-2024 11:54:20.968 INFO [main] org.apache.catalina.startup.VersionLoggerListener.log Command line argument: -Dcatalina.home=C:\apache-tomcat-9.0.89
17-Oct-2024 11:54:20.968 INFO [main] org.apache.catalina.startup.VersionLoggerListener.log Command line argument: -Dcatalina.base=C:\Users\shivam.vishvakarma\Online-FoodDelivery-App
17-Oct-2024 11:54:20.968 INFO [main] org.apache.catalina.startup.VersionLoggerListener.log Command line argument: -Djava.io.tmpdir=C:\Users\shivam.vishvakarma\Online-FoodDelivery-App\temp
17-Oct-2024 11:54:20.968 INFO [main] org.apache.catalina.startup.VersionLoggerListener.log Command line argument: -Djava.util.logging.config.file=C:\Users\shivam.vishvakarma\Online-FoodDelivery-App\conf\logging.properties
17-Oct-2024 11:54:20.968 INFO [main] org.apache.catalina.startup.VersionLoggerListener.log Command line argument: -Djava.util.logging.manager=org.apache.juli.ClassLoaderLogManager
17-Oct-2024 11:54:20.968 INFO [main] org.apache.catalina.startup.VersionLoggerListener.log Command line argument: -javaagent:D:\ideaIC-2024.1.4.win\lib\idea_rt.jar=55782:D:\ideaIC-2024.1.4.win\bin
17-Oct-2024 11:54:20.968 INFO [main] org.apache.catalina.startup.VersionLoggerListener.log Command line argument: -Dfile.encoding=UTF-8
17-Oct-2024 11:54:20.968 INFO [main] org.apache.catalina.startup.VersionLoggerListener.log Command line argument: -Dsun.stdout.encoding=UTF-8
17-Oct-2024 11:54:20.968 INFO [main] org.apache.catalina.startup.VersionLoggerListener.log Command line argument: -Dsun.stderr.encoding=UTF-8
17-Oct-2024 11:54:20.974 INFO [main] org.apache.catalina.core.AprLifecycleListener.lifecycleEvent The Apache Tomcat Native library which allows using OpenSSL was not found on the java.library.path: [C:\Users\shivam.vishvakarma\.jdks\openjdk-22.0.1\bin;C:\Windows\Sun\Java\bin;C:\Windows\system32;C:\Windows;C:\ProgramData\Oracle\Java\javapath;C:\Windows\system32;C:\Windows;C:\Windows\System32\Wbem;C:\Windows\System32\WindowsPowerShell\v1.0\;C:\Windows\System32\OpenSSH\;C:\Program Files\nodejs\;C:\Users\shivam.vishvakarma\AppData\Local\Programs\Python\Python312\Scripts\;C:\Users\shivam.vishvakarma\AppData\Local\Programs\Python\Python312\;C:\Users\shivam.vishvakarma\AppData\Local\Programs\Python\Launcher\;C:\Users\shivam.vishvakarma\AppData\Local\Microsoft\WindowsApps;C:\Program Files\Java\jdk1.8.0_121\bin;C:\Users\shivam.vishvakarma\AppData\Local\Programs\Microsoft VS Code\bin;C:\Users\shivam.vishvakarma\AppData\Local\Programs\Git\cmd;C:\Users\shivam.vishvakarma\AppData\Local\Microsoft\WinGet\Packages\Schniz.fnm_Microsoft.Winget.Source_8wekyb3d8bbwe;C:\Users\shivam.vishvakarma\AppData\Roaming\npm;C:\Users\shivam.vishvakarma\AppData\Local\Programs\Git\bin;C:\Users\shivam.vishvakarma\AppData\Local\Programs\Git\cmd;C:\Users\shivam.vishvakarma\AppData\Local\Programs\Git;;.]
17-Oct-2024 11:54:21.373 INFO [main] org.apache.coyote.AbstractProtocol.init Initializing ProtocolHandler ["http-nio-8082"]
17-Oct-2024 11:54:21.393 INFO [main] org.apache.catalina.startup.Catalina.load Server initialization in [638] milliseconds
17-Oct-2024 11:54:21.443 INFO [main] org.apache.catalina.core.StandardService.startInternal Starting service [Catalina]
17-Oct-2024 11:54:21.443 INFO [main] org.apache.catalina.core.StandardEngine.startInternal Starting Servlet engine: [Apache Tomcat/9.0.89]
17-Oct-2024 11:54:21.452 INFO [main] org.apache.catalina.startup.HostConfig.deployDescriptor Deploying deployment descriptor [C:\Users\shivam.vishvakarma\Online-FoodDelivery-App\conf\Catalina\localhost\Online-FoodDelivery-App.xml]
17-Oct-2024 11:54:21.804 INFO [main] org.apache.catalina.startup.HostConfig.deployDescriptor Deployment of deployment descriptor [C:\Users\shivam.vishvakarma\Online-FoodDelivery-App\conf\Catalina\localhost\Online-FoodDelivery-App.xml] has finished in [352] ms
17-Oct-2024 11:54:21.807 INFO [main] org.apache.coyote.AbstractProtocol.start Starting ProtocolHandler ["http-nio-8082"]
17-Oct-2024 11:54:21.839 INFO [main] org.apache.catalina.startup.Catalina.start Server startup in [443] milliseconds
17-Oct-2024 12:05:44.918 INFO [Thread-1] org.apache.coyote.AbstractProtocol.pause Pausing ProtocolHandler ["http-nio-8082"]
17-Oct-2024 12:05:44.945 INFO [Thread-1] org.apache.catalina.core.StandardService.stopInternal Stopping service [Catalina]
17-Oct-2024 12:05:45.078 INFO [Thread-1] org.apache.coyote.AbstractProtocol.stop Stopping ProtocolHandler ["http-nio-8082"]
17-Oct-2024 12:05:45.094 INFO [Thread-1] org.apache.coyote.AbstractProtocol.destroy Destroying ProtocolHandler ["http-nio-8082"]
17-Oct-2024 12:06:00.707 INFO [main] org.apache.catalina.startup.VersionLoggerListener.log Server version name:   Apache Tomcat/9.0.89
17-Oct-2024 12:06:00.712 INFO [main] org.apache.catalina.startup.VersionLoggerListener.log Server built:          May 3 2024 20:22:11 UTC
17-Oct-2024 12:06:00.712 INFO [main] org.apache.catalina.startup.VersionLoggerListener.log Server version number: 9.0.89.0
17-Oct-2024 12:06:00.712 INFO [main] org.apache.catalina.startup.VersionLoggerListener.log OS Name:               Windows 10
17-Oct-2024 12:06:00.712 INFO [main] org.apache.catalina.startup.VersionLoggerListener.log OS Version:            10.0
17-Oct-2024 12:06:00.712 INFO [main] org.apache.catalina.startup.VersionLoggerListener.log Architecture:          amd64
17-Oct-2024 12:06:00.713 INFO [main] org.apache.catalina.startup.VersionLoggerListener.log Java Home:             C:\Users\shivam.vishvakarma\.jdks\openjdk-22.0.1
17-Oct-2024 12:06:00.713 INFO [main] org.apache.catalina.startup.VersionLoggerListener.log JVM Version:           22.0.1+8-16
17-Oct-2024 12:06:00.713 INFO [main] org.apache.catalina.startup.VersionLoggerListener.log JVM Vendor:            Oracle Corporation
17-Oct-2024 12:06:00.713 INFO [main] org.apache.catalina.startup.VersionLoggerListener.log CATALINA_BASE:         C:\Users\shivam.vishvakarma\Online-FoodDelivery-App
17-Oct-2024 12:06:00.714 INFO [main] org.apache.catalina.startup.VersionLoggerListener.log CATALINA_HOME:         C:\apache-tomcat-9.0.89
17-Oct-2024 12:06:00.726 INFO [main] org.apache.catalina.startup.VersionLoggerListener.log Command line argument: --add-opens=java.base/java.lang=ALL-UNNAMED
17-Oct-2024 12:06:00.726 INFO [main] org.apache.catalina.startup.VersionLoggerListener.log Command line argument: --add-opens=java.base/java.io=ALL-UNNAMED
17-Oct-2024 12:06:00.726 INFO [main] org.apache.catalina.startup.VersionLoggerListener.log Command line argument: --add-opens=java.base/java.util=ALL-UNNAMED
17-Oct-2024 12:06:00.726 INFO [main] org.apache.catalina.startup.VersionLoggerListener.log Command line argument: --add-opens=java.base/java.util.concurrent=ALL-UNNAMED
17-Oct-2024 12:06:00.726 INFO [main] org.apache.catalina.startup.VersionLoggerListener.log Command line argument: --add-opens=java.rmi/sun.rmi.transport=ALL-UNNAMED
17-Oct-2024 12:06:00.726 INFO [main] org.apache.catalina.startup.VersionLoggerListener.log Command line argument: -Dcatalina.home=C:\apache-tomcat-9.0.89
17-Oct-2024 12:06:00.726 INFO [main] org.apache.catalina.startup.VersionLoggerListener.log Command line argument: -Dcatalina.base=C:\Users\shivam.vishvakarma\Online-FoodDelivery-App
17-Oct-2024 12:06:00.726 INFO [main] org.apache.catalina.startup.VersionLoggerListener.log Command line argument: -Djava.io.tmpdir=C:\Users\shivam.vishvakarma\Online-FoodDelivery-App\temp
17-Oct-2024 12:06:00.726 INFO [main] org.apache.catalina.startup.VersionLoggerListener.log Command line argument: -Djava.util.logging.config.file=C:\Users\shivam.vishvakarma\Online-FoodDelivery-App\conf\logging.properties
17-Oct-2024 12:06:00.726 INFO [main] org.apache.catalina.startup.VersionLoggerListener.log Command line argument: -Djava.util.logging.manager=org.apache.juli.ClassLoaderLogManager
17-Oct-2024 12:06:00.726 INFO [main] org.apache.catalina.startup.VersionLoggerListener.log Command line argument: -javaagent:D:\ideaIC-2024.1.4.win\lib\idea_rt.jar=56151:D:\ideaIC-2024.1.4.win\bin
17-Oct-2024 12:06:00.727 INFO [main] org.apache.catalina.startup.VersionLoggerListener.log Command line argument: -Dfile.encoding=UTF-8
17-Oct-2024 12:06:00.727 INFO [main] org.apache.catalina.startup.VersionLoggerListener.log Command line argument: -Dsun.stdout.encoding=UTF-8
17-Oct-2024 12:06:00.727 INFO [main] org.apache.catalina.startup.VersionLoggerListener.log Command line argument: -Dsun.stderr.encoding=UTF-8
17-Oct-2024 12:06:00.734 INFO [main] org.apache.catalina.core.AprLifecycleListener.lifecycleEvent The Apache Tomcat Native library which allows using OpenSSL was not found on the java.library.path: [C:\Users\shivam.vishvakarma\.jdks\openjdk-22.0.1\bin;C:\Windows\Sun\Java\bin;C:\Windows\system32;C:\Windows;C:\ProgramData\Oracle\Java\javapath;C:\Windows\system32;C:\Windows;C:\Windows\System32\Wbem;C:\Windows\System32\WindowsPowerShell\v1.0\;C:\Windows\System32\OpenSSH\;C:\Program Files\nodejs\;C:\Users\shivam.vishvakarma\AppData\Local\Programs\Python\Python312\Scripts\;C:\Users\shivam.vishvakarma\AppData\Local\Programs\Python\Python312\;C:\Users\shivam.vishvakarma\AppData\Local\Programs\Python\Launcher\;C:\Users\shivam.vishvakarma\AppData\Local\Microsoft\WindowsApps;C:\Program Files\Java\jdk1.8.0_121\bin;C:\Users\shivam.vishvakarma\AppData\Local\Programs\Microsoft VS Code\bin;C:\Users\shivam.vishvakarma\AppData\Local\Programs\Git\cmd;C:\Users\shivam.vishvakarma\AppData\Local\Microsoft\WinGet\Packages\Schniz.fnm_Microsoft.Winget.Source_8wekyb3d8bbwe;C:\Users\shivam.vishvakarma\AppData\Roaming\npm;C:\Users\shivam.vishvakarma\AppData\Local\Programs\Git\bin;C:\Users\shivam.vishvakarma\AppData\Local\Programs\Git\cmd;C:\Users\shivam.vishvakarma\AppData\Local\Programs\Git;;.]
17-Oct-2024 12:06:01.167 INFO [main] org.apache.coyote.AbstractProtocol.init Initializing ProtocolHandler ["http-nio-8080"]
17-Oct-2024 12:06:01.189 INFO [main] org.apache.catalina.startup.Catalina.load Server initialization in [729] milliseconds
17-Oct-2024 12:06:01.241 INFO [main] org.apache.catalina.core.StandardService.startInternal Starting service [Catalina]
17-Oct-2024 12:06:01.241 INFO [main] org.apache.catalina.core.StandardEngine.startInternal Starting Servlet engine: [Apache Tomcat/9.0.89]
17-Oct-2024 12:06:01.251 INFO [main] org.apache.catalina.startup.HostConfig.deployDescriptor Deploying deployment descriptor [C:\Users\shivam.vishvakarma\Online-FoodDelivery-App\conf\Catalina\localhost\Online-FoodDelivery-App.xml]
17-Oct-2024 12:06:02.057 INFO [main] org.apache.jasper.servlet.TldScanner.scanJars At least one JAR was scanned for TLDs yet contained no TLDs. Enable debug logging for this logger for a complete list of JARs that were scanned but no TLDs were found in them. Skipping unneeded JARs during scanning can improve startup time and JSP compilation time.
17-Oct-2024 12:06:02.133 INFO [main] org.apache.catalina.startup.HostConfig.deployDescriptor Deployment of deployment descriptor [C:\Users\shivam.vishvakarma\Online-FoodDelivery-App\conf\Catalina\localhost\Online-FoodDelivery-App.xml] has finished in [882] ms
17-Oct-2024 12:06:02.136 INFO [main] org.apache.coyote.AbstractProtocol.start Starting ProtocolHandler ["http-nio-8080"]
17-Oct-2024 12:06:02.166 INFO [main] org.apache.catalina.startup.Catalina.start Server startup in [975] milliseconds
17-Oct-2024 12:13:16.466 INFO [Thread-1] org.apache.coyote.AbstractProtocol.pause Pausing ProtocolHandler ["http-nio-8080"]
17-Oct-2024 12:13:16.469 INFO [Thread-1] org.apache.catalina.core.StandardService.stopInternal Stopping service [Catalina]
17-Oct-2024 12:13:16.499 INFO [Thread-1] org.apache.coyote.AbstractProtocol.stop Stopping ProtocolHandler ["http-nio-8080"]
17-Oct-2024 12:13:16.517 INFO [Thread-1] org.apache.coyote.AbstractProtocol.destroy Destroying ProtocolHandler ["http-nio-8080"]
17-Oct-2024 12:13:20.486 INFO [main] org.apache.catalina.startup.VersionLoggerListener.log Server version name:   Apache Tomcat/9.0.89
17-Oct-2024 12:13:20.490 INFO [main] org.apache.catalina.startup.VersionLoggerListener.log Server built:          May 3 2024 20:22:11 UTC
17-Oct-2024 12:13:20.491 INFO [main] org.apache.catalina.startup.VersionLoggerListener.log Server version number: 9.0.89.0
17-Oct-2024 12:13:20.491 INFO [main] org.apache.catalina.startup.VersionLoggerListener.log OS Name:               Windows 10
17-Oct-2024 12:13:20.491 INFO [main] org.apache.catalina.startup.VersionLoggerListener.log OS Version:            10.0
17-Oct-2024 12:13:20.491 INFO [main] org.apache.catalina.startup.VersionLoggerListener.log Architecture:          amd64
17-Oct-2024 12:13:20.491 INFO [main] org.apache.catalina.startup.VersionLoggerListener.log Java Home:             C:\Users\shivam.vishvakarma\.jdks\openjdk-22.0.1
17-Oct-2024 12:13:20.491 INFO [main] org.apache.catalina.startup.VersionLoggerListener.log JVM Version:           22.0.1+8-16
17-Oct-2024 12:13:20.491 INFO [main] org.apache.catalina.startup.VersionLoggerListener.log JVM Vendor:            Oracle Corporation
17-Oct-2024 12:13:20.492 INFO [main] org.apache.catalina.startup.VersionLoggerListener.log CATALINA_BASE:         C:\Users\shivam.vishvakarma\Online-FoodDelivery-App
17-Oct-2024 12:13:20.492 INFO [main] org.apache.catalina.startup.VersionLoggerListener.log CATALINA_HOME:         C:\apache-tomcat-9.0.89
17-Oct-2024 12:13:20.502 INFO [main] org.apache.catalina.startup.VersionLoggerListener.log Command line argument: --add-opens=java.base/java.lang=ALL-UNNAMED
17-Oct-2024 12:13:20.502 INFO [main] org.apache.catalina.startup.VersionLoggerListener.log Command line argument: --add-opens=java.base/java.io=ALL-UNNAMED
17-Oct-2024 12:13:20.502 INFO [main] org.apache.catalina.startup.VersionLoggerListener.log Command line argument: --add-opens=java.base/java.util=ALL-UNNAMED
17-Oct-2024 12:13:20.502 INFO [main] org.apache.catalina.startup.VersionLoggerListener.log Command line argument: --add-opens=java.base/java.util.concurrent=ALL-UNNAMED
17-Oct-2024 12:13:20.503 INFO [main] org.apache.catalina.startup.VersionLoggerListener.log Command line argument: --add-opens=java.rmi/sun.rmi.transport=ALL-UNNAMED
17-Oct-2024 12:13:20.503 INFO [main] org.apache.catalina.startup.VersionLoggerListener.log Command line argument: -Dcatalina.home=C:\apache-tomcat-9.0.89
17-Oct-2024 12:13:20.503 INFO [main] org.apache.catalina.startup.VersionLoggerListener.log Command line argument: -Dcatalina.base=C:\Users\shivam.vishvakarma\Online-FoodDelivery-App
17-Oct-2024 12:13:20.503 INFO [main] org.apache.catalina.startup.VersionLoggerListener.log Command line argument: -Djava.io.tmpdir=C:\Users\shivam.vishvakarma\Online-FoodDelivery-App\temp
17-Oct-2024 12:13:20.503 INFO [main] org.apache.catalina.startup.VersionLoggerListener.log Command line argument: -Djava.util.logging.config.file=C:\Users\shivam.vishvakarma\Online-FoodDelivery-App\conf\logging.properties
17-Oct-2024 12:13:20.503 INFO [main] org.apache.catalina.startup.VersionLoggerListener.log Command line argument: -Djava.util.logging.manager=org.apache.juli.ClassLoaderLogManager
17-Oct-2024 12:13:20.503 INFO [main] org.apache.catalina.startup.VersionLoggerListener.log Command line argument: -javaagent:D:\ideaIC-2024.1.4.win\lib\idea_rt.jar=56402:D:\ideaIC-2024.1.4.win\bin
17-Oct-2024 12:13:20.503 INFO [main] org.apache.catalina.startup.VersionLoggerListener.log Command line argument: -Dfile.encoding=UTF-8
17-Oct-2024 12:13:20.504 INFO [main] org.apache.catalina.startup.VersionLoggerListener.log Command line argument: -Dsun.stdout.encoding=UTF-8
17-Oct-2024 12:13:20.504 INFO [main] org.apache.catalina.startup.VersionLoggerListener.log Command line argument: -Dsun.stderr.encoding=UTF-8
17-Oct-2024 12:13:20.511 INFO [main] org.apache.catalina.core.AprLifecycleListener.lifecycleEvent The Apache Tomcat Native library which allows using OpenSSL was not found on the java.library.path: [C:\Users\shivam.vishvakarma\.jdks\openjdk-22.0.1\bin;C:\Windows\Sun\Java\bin;C:\Windows\system32;C:\Windows;C:\ProgramData\Oracle\Java\javapath;C:\Windows\system32;C:\Windows;C:\Windows\System32\Wbem;C:\Windows\System32\WindowsPowerShell\v1.0\;C:\Windows\System32\OpenSSH\;C:\Program Files\nodejs\;C:\Users\shivam.vishvakarma\AppData\Local\Programs\Python\Python312\Scripts\;C:\Users\shivam.vishvakarma\AppData\Local\Programs\Python\Python312\;C:\Users\shivam.vishvakarma\AppData\Local\Programs\Python\Launcher\;C:\Users\shivam.vishvakarma\AppData\Local\Microsoft\WindowsApps;C:\Program Files\Java\jdk1.8.0_121\bin;C:\Users\shivam.vishvakarma\AppData\Local\Programs\Microsoft VS Code\bin;C:\Users\shivam.vishvakarma\AppData\Local\Programs\Git\cmd;C:\Users\shivam.vishvakarma\AppData\Local\Microsoft\WinGet\Packages\Schniz.fnm_Microsoft.Winget.Source_8wekyb3d8bbwe;C:\Users\shivam.vishvakarma\AppData\Roaming\npm;C:\Users\shivam.vishvakarma\AppData\Local\Programs\Git\bin;C:\Users\shivam.vishvakarma\AppData\Local\Programs\Git\cmd;C:\Users\shivam.vishvakarma\AppData\Local\Programs\Git;;.]
17-Oct-2024 12:13:21.005 INFO [main] org.apache.coyote.AbstractProtocol.init Initializing ProtocolHandler ["http-nio-8080"]
17-Oct-2024 12:13:21.027 INFO [main] org.apache.catalina.startup.Catalina.load Server initialization in [811] milliseconds
17-Oct-2024 12:13:21.084 INFO [main] org.apache.catalina.core.StandardService.startInternal Starting service [Catalina]
17-Oct-2024 12:13:21.084 INFO [main] org.apache.catalina.core.StandardEngine.startInternal Starting Servlet engine: [Apache Tomcat/9.0.89]
17-Oct-2024 12:13:21.094 INFO [main] org.apache.catalina.startup.HostConfig.deployDescriptor Deploying deployment descriptor [C:\Users\shivam.vishvakarma\Online-FoodDelivery-App\conf\Catalina\localhost\Online-FoodDelivery-App.xml]
17-Oct-2024 12:13:21.850 INFO [main] org.apache.jasper.servlet.TldScanner.scanJars At least one JAR was scanned for TLDs yet contained no TLDs. Enable debug logging for this logger for a complete list of JARs that were scanned but no TLDs were found in them. Skipping unneeded JARs during scanning can improve startup time and JSP compilation time.
17-Oct-2024 12:13:21.918 INFO [main] org.apache.catalina.startup.HostConfig.deployDescriptor Deployment of deployment descriptor [C:\Users\shivam.vishvakarma\Online-FoodDelivery-App\conf\Catalina\localhost\Online-FoodDelivery-App.xml] has finished in [824] ms
17-Oct-2024 12:13:21.923 INFO [main] org.apache.coyote.AbstractProtocol.start Starting ProtocolHandler ["http-nio-8080"]
17-Oct-2024 12:13:21.960 INFO [main] org.apache.catalina.startup.Catalina.start Server startup in [932] milliseconds
17-Oct-2024 12:13:28.095 INFO [Thread-1] org.apache.coyote.AbstractProtocol.pause Pausing ProtocolHandler ["http-nio-8080"]
17-Oct-2024 12:13:28.100 INFO [Thread-1] org.apache.catalina.core.StandardService.stopInternal Stopping service [Catalina]
17-Oct-2024 12:13:28.126 INFO [Thread-1] org.apache.coyote.AbstractProtocol.stop Stopping ProtocolHandler ["http-nio-8080"]
17-Oct-2024 12:13:28.141 INFO [Thread-1] org.apache.coyote.AbstractProtocol.destroy Destroying ProtocolHandler ["http-nio-8080"]
